2025.09.10 22:46:09 INFO  Started: Metals version 1.6.2 in folders '/Users/mac/Desktop/GitHub/Scala_Beakjoon' for client Visual Studio Code 1.102.1.
2025.09.10 22:46:14 INFO  no build target found for /Users/mac/Desktop/GitHub/Scala_Beakjoon/16394.scala. Using presentation compiler with project's scala-library version: 3.3.6
2025.09.10 22:46:14 WARN  scala-cli >= 0.1.3 not found in PATH, fetching and starting a JVM-based Scala CLI
2025.09.10 22:46:22 INFO  no build target found for /Users/mac/Desktop/GitHub/Scala_Beakjoon/16394.scala. Using presentation compiler with project's scala-library version: 3.3.6
9월 10, 2025 10:46:22 오후 org.eclipse.lsp4j.jsonrpc.RemoteEndpoint handleCancellation
WARNING: Unmatched cancel notification for request id 4
2025.09.10 22:46:22 INFO  no build target found for /Users/mac/Desktop/GitHub/Scala_Beakjoon/16394.scala. Using presentation compiler with project's scala-library version: 3.3.6
2025.09.10 22:46:22 INFO  no build target found for /Users/mac/Desktop/GitHub/Scala_Beakjoon/16394.scala. Using presentation compiler with project's scala-library version: 3.3.6
2025.09.10 22:46:22 INFO  no build target found for /Users/mac/Desktop/GitHub/Scala_Beakjoon/16394.scala. Using presentation compiler with project's scala-library version: 3.3.6
9월 10, 2025 10:46:23 오후 org.eclipse.lsp4j.jsonrpc.RemoteEndpoint handleCancellation
WARNING: Unmatched cancel notification for request id 10
2025.09.10 22:46:22 INFO  no build target found for /Users/mac/Desktop/GitHub/Scala_Beakjoon/16394.scala. Using presentation compiler with project's scala-library version: 3.3.6
2025.09.10 22:46:22 INFO  no build target found for /Users/mac/Desktop/GitHub/Scala_Beakjoon/16394.scala. Using presentation compiler with project's scala-library version: 3.3.6
2025.09.10 22:46:22 INFO  no build target found for /Users/mac/Desktop/GitHub/Scala_Beakjoon/16394.scala. Using presentation compiler with project's scala-library version: 3.3.6
2025.09.10 22:46:22 INFO  no build target found for /Users/mac/Desktop/GitHub/Scala_Beakjoon/16394.scala. Using presentation compiler with project's scala-library version: 3.3.6
2025.09.10 22:46:22 INFO  no build target found for /Users/mac/Desktop/GitHub/Scala_Beakjoon/16394.scala. Using presentation compiler with project's scala-library version: 3.3.6
9월 10, 2025 10:46:23 오후 org.eclipse.lsp4j.jsonrpc.RemoteEndpoint handleCancellation
WARNING: Unmatched cancel notification for request id 6
9월 10, 2025 10:46:23 오후 org.eclipse.lsp4j.jsonrpc.RemoteEndpoint handleCancellation
WARNING: Unmatched cancel notification for request id 16
9월 10, 2025 10:46:23 오후 org.eclipse.lsp4j.jsonrpc.RemoteEndpoint handleCancellation
WARNING: Unmatched cancel notification for request id 19
9월 10, 2025 10:46:23 오후 org.eclipse.lsp4j.jsonrpc.RemoteEndpoint handleCancellation
WARNING: Unmatched cancel notification for request id 18
2025.09.10 22:46:23 INFO  no build target found for /Users/mac/Desktop/GitHub/Scala_Beakjoon/16394.scala. Using presentation compiler with project's scala-library version: 3.3.6
2025.09.10 22:46:23 INFO  no build target found for /Users/mac/Desktop/GitHub/Scala_Beakjoon/16394.scala. Using presentation compiler with project's scala-library version: 3.3.6
2025.09.10 22:46:23 INFO  no build target found for /Users/mac/Desktop/GitHub/Scala_Beakjoon/16394.scala. Using presentation compiler with project's scala-library version: 3.3.6
9월 10, 2025 10:46:24 오후 org.eclipse.lsp4j.jsonrpc.RemoteEndpoint handleCancellation
WARNING: Unmatched cancel notification for request id 23
2025.09.10 22:46:23 INFO  no build target found for /Users/mac/Desktop/GitHub/Scala_Beakjoon/16394.scala. Using presentation compiler with project's scala-library version: 3.3.6
2025.09.10 22:46:23 INFO  no build target found for /Users/mac/Desktop/GitHub/Scala_Beakjoon/16394.scala. Using presentation compiler with project's scala-library version: 3.3.6
2025.09.10 22:46:23 INFO  no build target found for /Users/mac/Desktop/GitHub/Scala_Beakjoon/16394.scala. Using presentation compiler with project's scala-library version: 3.3.6
2025.09.10 22:46:23 INFO  no build target found for /Users/mac/Desktop/GitHub/Scala_Beakjoon/16394.scala. Using presentation compiler with project's scala-library version: 3.3.6
2025.09.10 22:46:23 INFO  no build target found for /Users/mac/Desktop/GitHub/Scala_Beakjoon/16394.scala. Using presentation compiler with project's scala-library version: 3.3.6
2025.09.10 22:46:24 INFO  no build target found for /Users/mac/Desktop/GitHub/Scala_Beakjoon/16394.scala. Using presentation compiler with project's scala-library version: 3.3.6
2025.09.10 22:46:24 INFO  no build target found for /Users/mac/Desktop/GitHub/Scala_Beakjoon/16394.scala. Using presentation compiler with project's scala-library version: 3.3.6
9월 10, 2025 10:46:25 오후 org.eclipse.lsp4j.jsonrpc.RemoteEndpoint handleCancellation
WARNING: Unmatched cancel notification for request id 30
2025.09.10 22:46:24 INFO  no build target found for /Users/mac/Desktop/GitHub/Scala_Beakjoon/16394.scala. Using presentation compiler with project's scala-library version: 3.3.6
2025.09.10 22:46:24 INFO  no build target found for /Users/mac/Desktop/GitHub/Scala_Beakjoon/16394.scala. Using presentation compiler with project's scala-library version: 3.3.6
2025.09.10 22:46:24 INFO  no build target found for /Users/mac/Desktop/GitHub/Scala_Beakjoon/16394.scala. Using presentation compiler with project's scala-library version: 3.3.6
9월 10, 2025 10:46:25 오후 org.eclipse.lsp4j.jsonrpc.RemoteEndpoint handleCancellation
WARNING: Unmatched cancel notification for request id 35
9월 10, 2025 10:46:25 오후 org.eclipse.lsp4j.jsonrpc.RemoteEndpoint handleCancellation
WARNING: Unmatched cancel notification for request id 20
9월 10, 2025 10:46:25 오후 org.eclipse.lsp4j.jsonrpc.RemoteEndpoint handleCancellation
WARNING: Unmatched cancel notification for request id 38
9월 10, 2025 10:46:25 오후 org.eclipse.lsp4j.jsonrpc.RemoteEndpoint handleCancellation
WARNING: Unmatched cancel notification for request id 40
2025.09.10 22:46:24 INFO  no build target found for /Users/mac/Desktop/GitHub/Scala_Beakjoon/16394.scala. Using presentation compiler with project's scala-library version: 3.3.6
2025.09.10 22:46:25 INFO  no build target found for /Users/mac/Desktop/GitHub/Scala_Beakjoon/16394.scala. Using presentation compiler with project's scala-library version: 3.3.6
9월 10, 2025 10:46:26 오후 org.eclipse.lsp4j.jsonrpc.RemoteEndpoint handleCancellation
WARNING: Unmatched cancel notification for request id 43
2025.09.10 22:46:25 INFO  no build target found for /Users/mac/Desktop/GitHub/Scala_Beakjoon/16394.scala. Using presentation compiler with project's scala-library version: 3.3.6
2025.09.10 22:46:25 INFO  no build target found for /Users/mac/Desktop/GitHub/Scala_Beakjoon/16394.scala. Using presentation compiler with project's scala-library version: 3.3.6
9월 10, 2025 10:46:26 오후 org.eclipse.lsp4j.jsonrpc.RemoteEndpoint handleCancellation
WARNING: Unmatched cancel notification for request id 46
2025.09.10 22:46:25 INFO  no build target found for /Users/mac/Desktop/GitHub/Scala_Beakjoon/16394.scala. Using presentation compiler with project's scala-library version: 3.3.6
9월 10, 2025 10:46:26 오후 org.eclipse.lsp4j.jsonrpc.RemoteEndpoint handleCancellation
WARNING: Unmatched cancel notification for request id 51
9월 10, 2025 10:46:26 오후 org.eclipse.lsp4j.jsonrpc.RemoteEndpoint handleCancellation
WARNING: Unmatched cancel notification for request id 53
2025.09.10 22:46:25 INFO  no build target found for /Users/mac/Desktop/GitHub/Scala_Beakjoon/16394.scala. Using presentation compiler with project's scala-library version: 3.3.6
2025.09.10 22:46:25 INFO  no build target found for /Users/mac/Desktop/GitHub/Scala_Beakjoon/16394.scala. Using presentation compiler with project's scala-library version: 3.3.6
2025.09.10 22:46:27 INFO  no build target found for /Users/mac/Desktop/GitHub/Scala_Beakjoon/16394.scala. Using presentation compiler with project's scala-library version: 3.3.6
2025.09.10 22:46:27 INFO  no build target found for /Users/mac/Desktop/GitHub/Scala_Beakjoon/16394.scala. Using presentation compiler with project's scala-library version: 3.3.6
9월 10, 2025 10:46:27 오후 org.eclipse.lsp4j.jsonrpc.RemoteEndpoint handleCancellation
WARNING: Unmatched cancel notification for request id 56
2025.09.10 22:46:27 INFO  no build target found for /Users/mac/Desktop/GitHub/Scala_Beakjoon/16394.scala. Using presentation compiler with project's scala-library version: 3.3.6
2025.09.10 22:46:27 INFO  no build target found for /Users/mac/Desktop/GitHub/Scala_Beakjoon/16394.scala. Using presentation compiler with project's scala-library version: 3.3.6
2025.09.10 22:46:27 INFO  no build target found for /Users/mac/Desktop/GitHub/Scala_Beakjoon/16394.scala. Using presentation compiler with project's scala-library version: 3.3.6
2025.09.10 22:46:28 INFO  Running List(/Library/Java/JavaVirtualMachines/jdk-24.jdk/Contents/Home/bin/java, -cp, /Users/mac/Library/Caches/Coursier/v1/https/repo1.maven.org/maven2/org/virtuslab/scala-cli/cli_3/1.8.5/cli_3-1.8.5.jar:/Users/mac/Library/Caches/Coursier/v1/https/repo1.maven.org/maven2/com/github/alexarchambault/case-app_3/2.1.0-M30/case-app_3-2.1.0-M30.jar:/Users/mac/Library/Caches/Coursier/v1/https/repo1.maven.org/maven2/io/get-coursier/coursier-launcher_2.13/2.1.24/coursier-launcher_2.13-2.1.24.jar:/Users/mac/Library/Caches/Coursier/v1/https/repo1.maven.org/maven2/io/get-coursier/coursier-proxy-setup/2.1.24/coursier-proxy-setup-2.1.24.jar:/Users/mac/Library/Caches/Coursier/v1/https/repo1.maven.org/maven2/io/get-coursier/publish/publish_3/0.4.3/publish_3-0.4.3.jar:/Users/mac/Library/Caches/Coursier/v1/https/repo1.maven.org/maven2/com/google/jimfs/jimfs/1.3.1/jimfs-1.3.1.jar:/Users/mac/Library/Caches/Coursier/v1/https/repo1.maven.org/maven2/io/get-coursier/jniutils/windows-jni-utils/0.3.3/windows-jni-utils-0.3.3.jar:/Users/mac/Library/Caches/Coursier/v1/https/repo1.maven.org/maven2/com/github/plokhotnyuk/jsoniter-scala/jsoniter-scala-core_3/2.13.5.2/jsoniter-scala-core_3-2.13.5.2.jar:/Users/mac/Library/Caches/Coursier/v1/https/repo1.maven.org/maven2/org/virtuslab/scala-cli/libsodiumjni/0.0.4/libsodiumjni-0.0.4.jar:/Users/mac/Library/Caches/Coursier/v1/https/repo1.maven.org/maven2/org/scalameta/metaconfig-typesafe-config_3/0.16.0/metaconfig-typesafe-config_3-0.16.0.jar:/Users/mac/Library/Caches/Coursier/v1/https/repo1.maven.org/maven2/ai/kien/python-native-libs_3/0.2.4/python-native-libs_3-0.2.4.jar:/Users/mac/Library/Caches/Coursier/v1/https/repo1.maven.org/maven2/org/virtuslab/scala-packager_2.13/0.1.33/scala-packager_2.13-0.1.33.jar:/Users/mac/Library/Caches/Coursier/v1/https/repo1.maven.org/maven2/org/virtuslab/scala-cli-signing/cli_3/0.2.11/cli_3-0.2.11.jar:/Users/mac/Library/Caches/Coursier/v1/https/repo1.maven.org/maven2/org/slf4j/slf4j-nop/2.0.17/slf4j-nop-2.0.17.jar:/Users/mac/Library/Caches/Coursier/v1/https/repo1.maven.org/maven2/com/softwaremill/sttp/client3/core_3/3.11.0/core_3-3.11.0.jar:/Users/mac/Library/Caches/Coursier/v1/https/repo1.maven.org/maven2/ch/epfl/scala/scalafix-interfaces/0.14.3/scalafix-interfaces-0.14.3.jar:/Users/mac/Library/Caches/Coursier/v1/https/repo1.maven.org/maven2/org/scala-lang/scala3-library_3/3.3.6/scala3-library_3-3.3.6.jar:/Users/mac/Library/Caches/Coursier/v1/https/repo1.maven.org/maven2/org/virtuslab/scala-cli/build-module_3/1.8.5/build-module_3-1.8.5.jar:/Users/mac/Library/Caches/Coursier/v1/https/repo1.maven.org/maven2/org/virtuslab/scala-cli/config_3/1.8.5/config_3-1.8.5.jar:/Users/mac/Library/Caches/Coursier/v1/https/repo1.maven.org/maven2/org/virtuslab/scala-cli/scala3-graal_3/1.8.5/scala3-graal_3-1.8.5.jar:/Users/mac/Library/Caches/Coursier/v1/https/repo1.maven.org/maven2/org/virtuslab/scala-cli/specification-level_3/1.8.5/specification-level_3-1.8.5.jar:/Users/mac/Library/Caches/Coursier/v1/https/repo1.maven.org/maven2/com/lihaoyi/sourcecode_3/0.4.3-M5/sourcecode_3-0.4.3-M5.jar:/Users/mac/Library/Caches/Coursier/v1/https/repo1.maven.org/maven2/com/github/alexarchambault/case-app-annotations_3/2.1.0-M30/case-app-annotations_3-2.1.0-M30.jar:/Users/mac/Library/Caches/Coursier/v1/https/repo1.maven.org/maven2/com/github/alexarchambault/case-app-util_3/2.1.0-M30/case-app-util_3-2.1.0-M30.jar:/Users/mac/Library/Caches/Coursier/v1/https/repo1.maven.org/maven2/io/github/alexarchambault/scala-cli/tmp/zip-input-stream/0.1.1/zip-input-stream-0.1.1.jar:/Users/mac/Library/Caches/Coursier/v1/https/repo1.maven.org/maven2/org/scala-lang/scala-library/2.13.16/scala-library-2.13.16.jar:/Users/mac/Library/Caches/Coursier/v1/https/repo1.maven.org/maven2/io/get-coursier/coursier-cache_2.13/2.1.24/coursier-cache_2.13-2.1.24.jar:/Users/mac/Library/Caches/Coursier/v1/https/repo1.maven.org/maven2/io/get-coursier/coursier-core_2.13/2.1.24/coursier-core_2.13-2.1.24.jar:/Users/mac/Library/Caches/Coursier/v1/https/repo1.maven.org/maven2/com/google/guava/guava/33.4.8-jre/guava-33.4.8-jre.jar:/Users/mac/Library/Caches/Coursier/v1/https/repo1.maven.org/maven2/net/java/dev/jna/jna/5.13.0/jna-5.13.0.jar:/Users/mac/Library/Caches/Coursier/v1/https/repo1.maven.org/maven2/net/java/dev/jna/jna-platform/5.12.1/jna-platform-5.12.1.jar:/Users/mac/Library/Caches/Coursier/v1/https/repo1.maven.org/maven2/org/scalameta/metaconfig-core_3/0.16.0/metaconfig-core_3-0.16.0.jar:/Users/mac/Library/Caches/Coursier/v1/https/repo1.maven.org/maven2/com/typesafe/config/1.4.3/config-1.4.3.jar:/Users/mac/Library/Caches/Coursier/v1/https/repo1.maven.org/maven2/org/scala-lang/modules/scala-collection-compat_3/2.13.0/scala-collection-compat_3-2.13.0.jar:/Users/mac/Library/Caches/Coursier/v1/https/repo1.maven.org/maven2/commons-io/commons-io/2.19.0/commons-io-2.19.0.jar:/Users/mac/Library/Caches/Coursier/v1/https/repo1.maven.org/maven2/com/google/cloud/tools/jib-core/0.27.3/jib-core-0.27.3.jar:/Users/mac/Library/Caches/Coursier/v1/https/repo1.maven.org/maven2/org/bouncycastle/bcpg-jdk18on/1.81/bcpg-jdk18on-1.81.jar:/Users/mac/Library/Caches/Coursier/v1/https/repo1.maven.org/maven2/org/bouncycastle/bcutil-jdk18on/1.81/bcutil-jdk18on-1.81.jar:/Users/mac/Library/Caches/Coursier/v1/https/repo1.maven.org/maven2/org/virtuslab/scala-cli-signing/shared_3/0.2.11/shared_3-0.2.11.jar:/Users/mac/Library/Caches/Coursier/v1/https/repo1.maven.org/maven2/org/slf4j/slf4j-api/2.0.17/slf4j-api-2.0.17.jar:/Users/mac/Library/Caches/Coursier/v1/https/repo1.maven.org/maven2/com/softwaremill/sttp/model/core_3/1.7.11/core_3-1.7.11.jar:/Users/mac/Library/Caches/Coursier/v1/https/repo1.maven.org/maven2/com/softwaremill/sttp/shared/core_3/1.3.22/core_3-1.3.22.jar:/Users/mac/Library/Caches/Coursier/v1/https/repo1.maven.org/maven2/com/softwaremill/sttp/shared/ws_3/1.3.22/ws_3-1.3.22.jar:/Users/mac/Library/Caches/Coursier/v1/https/repo1.maven.org/maven2/io/get-coursier/interface/1.0.28/interface-1.0.28.jar:/Users/mac/Library/Caches/Coursier/v1/https/repo1.maven.org/maven2/org/ow2/asm/asm/9.8/asm-9.8.jar:/Users/mac/Library/Caches/Coursier/v1/https/repo1.maven.org/maven2/org/virtuslab/scala-cli/java-class-name/java-class-name_3/0.1.8/java-class-name_3-0.1.8.jar:/Users/mac/Library/Caches/Coursier/v1/https/repo1.maven.org/maven2/org/scalameta/semanticdb-shared_2.13/4.13.9/semanticdb-shared_2.13-4.13.9.jar:/Users/mac/Library/Caches/Coursier/v1/https/repo1.maven.org/maven2/org/scala-native/test-runner_3/0.5.8/test-runner_3-0.5.8.jar:/Users/mac/Library/Caches/Coursier/v1/https/repo1.maven.org/maven2/com/lihaoyi/os-lib_3/0.11.5/os-lib_3-0.11.5.jar:/Users/mac/Library/Caches/Coursier/v1/https/repo1.maven.org/maven2/com/lihaoyi/pprint_3/0.9.3/pprint_3-0.9.3.jar:/Users/mac/Library/Caches/Coursier/v1/https/repo1.maven.org/maven2/org/scala-js/scalajs-env-nodejs_2.13/1.4.0/scalajs-env-nodejs_2.13-1.4.0.jar:/Users/mac/Library/Caches/Coursier/v1/https/repo1.maven.org/maven2/org/scala-js/scalajs-sbt-test-adapter_2.13/1.19.0/scalajs-sbt-test-adapter_2.13-1.19.0.jar:/Users/mac/Library/Caches/Coursier/v1/https/repo1.maven.org/maven2/com/swoval/file-tree-views/2.1.12/file-tree-views-2.1.12.jar:/Users/mac/Library/Caches/Coursier/v1/https/repo1.maven.org/maven2/org/virtuslab/scala-cli/zip-input-stream/zip-input-stream/0.1.3/zip-input-stream-0.1.3.jar:/Users/mac/Library/Caches/Coursier/v1/https/repo1.maven.org/maven2/org/virtuslab/scala-cli/options_3/1.8.5/options_3-1.8.5.jar:/Users/mac/Library/Caches/Coursier/v1/https/repo1.maven.org/maven2/org/virtuslab/scala-cli/directives_3/1.8.5/directives_3-1.8.5.jar:/Users/mac/Library/Caches/Coursier/v1/https/repo1.maven.org/maven2/org/virtuslab/scala-cli/scala-cli-bsp/1.8.5/scala-cli-bsp-1.8.5.jar:/Users/mac/Library/Caches/Coursier/v1/https/repo1.maven.org/maven2/org/virtuslab/scala-cli/test-runner_3/1.8.5/test-runner_3-1.8.5.jar:/Users/mac/Library/Caches/Coursier/v1/https/repo1.maven.org/maven2/org/virtuslab/scala-cli/tasty-lib_3/1.8.5/tasty-lib_3-1.8.5.jar:/Users/mac/Library/Caches/Coursier/v1/https/repo1.maven.org/maven2/io/github/alexarchambault/is-terminal/0.1.1/is-terminal-0.1.1.jar:/Users/mac/Library/Caches/Coursier/v1/https/repo1.maven.org/maven2/org/codehaus/plexus/plexus-archiver/4.10.0/plexus-archiver-4.10.0.jar:/Users/mac/Library/Caches/Coursier/v1/https/repo1.maven.org/maven2/org/codehaus/plexus/plexus-container-default/2.1.1/plexus-container-default-2.1.1.jar:/Users/mac/Library/Caches/Coursier/v1/https/repo1.maven.org/maven2/io/github/alexarchambault/windows-ansi/windows-ansi/0.0.6/windows-ansi-0.0.6.jar:/Users/mac/Library/Caches/Coursier/v1/https/repo1.maven.org/maven2/io/get-coursier/cache-util/2.1.24/cache-util-2.1.24.jar:/Users/mac/Library/Caches/Coursier/v1/https/repo1.maven.org/maven2/io/get-coursier/coursier-util_2.13/2.1.24/coursier-util_2.13-2.1.24.jar:/Users/mac/Library/Caches/Coursier/v1/https/repo1.maven.org/maven2/io/github/alexarchambault/concurrent-reference-hash-map/1.1.0/concurrent-reference-hash-map-1.1.0.jar:/Users/mac/Library/Caches/Coursier/v1/https/repo1.maven.org/maven2/org/scala-lang/modules/scala-xml_2.13/2.3.0/scala-xml_2.13-2.3.0.jar:/Users/mac/Library/Caches/Coursier/v1/https/repo1.maven.org/maven2/com/google/guava/failureaccess/1.0.3/failureaccess-1.0.3.jar:/Users/mac/Library/Caches/Coursier/v1/https/repo1.maven.org/maven2/com/google/guava/listenablefuture/9999.0-empty-to-avoid-conflict-with-guava/listenablefuture-9999.0-empty-to-avoid-conflict-with-guava.jar:/Users/mac/Library/Caches/Coursier/v1/https/repo1.maven.org/maven2/org/jspecify/jspecify/1.0.0/jspecify-1.0.0.jar:/Users/mac/Library/Caches/Coursier/v1/https/repo1.maven.org/maven2/com/google/errorprone/error_prone_annotations/2.36.0/error_prone_annotations-2.36.0.jar:/Users/mac/Library/Caches/Coursier/v1/https/repo1.maven.org/maven2/com/google/j2objc/j2objc-annotations/3.0.0/j2objc-annotations-3.0.0.jar:/Users/mac/Library/Caches/Coursier/v1/https/repo1.maven.org/maven2/org/scalameta/metaconfig-pprint_3/0.16.0/metaconfig-pprint_3-0.16.0.jar:/Users/mac/Library/Caches/Coursier/v1/https/repo1.maven.org/maven2/org/typelevel/paiges-core_3/0.4.4/paiges-core_3-0.4.4.jar:/Users/mac/Library/Caches/Coursier/v1/https/repo1.maven.org/maven2/org/scala-lang/scala-reflect/2.13.16/scala-reflect-2.13.16.jar:/Users/mac/Library/Caches/Coursier/v1/https/repo1.maven.org/maven2/com/google/cloud/tools/jib-build-plan/0.4.0/jib-build-plan-0.4.0.jar:/Users/mac/Library/Caches/Coursier/v1/https/repo1.maven.org/maven2/com/google/http-client/google-http-client/1.42.2/google-http-client-1.42.2.jar:/Users/mac/Library/Caches/Coursier/v1/https/repo1.maven.org/maven2/com/google/http-client/google-http-client-apache-v2/1.42.2/google-http-client-apache-v2-1.42.2.jar:/Users/mac/Library/Caches/Coursier/v1/https/repo1.maven.org/maven2/com/google/auth/google-auth-library-oauth2-http/1.10.0/google-auth-library-oauth2-http-1.10.0.jar:/Users/mac/Library/Caches/Coursier/v1/https/repo1.maven.org/maven2/org/apache/commons/commons-compress/1.26.2/commons-compress-1.26.2.jar:/Users/mac/Library/Caches/Coursier/v1/https/repo1.maven.org/maven2/com/fasterxml/jackson/core/jackson-databind/2.15.2/jackson-databind-2.15.2.jar:/Users/mac/Library/Caches/Coursier/v1/https/repo1.maven.org/maven2/com/fasterxml/jackson/datatype/jackson-datatype-jsr310/2.15.2/jackson-datatype-jsr310-2.15.2.jar:/Users/mac/Library/Caches/Coursier/v1/https/repo1.maven.org/maven2/org/bouncycastle/bcprov-jdk18on/1.81/bcprov-jdk18on-1.81.jar:/Users/mac/Library/Caches/Coursier/v1/https/repo1.maven.org/maven2/org/jline/jline-terminal-jni/3.25.0/jline-terminal-jni-3.25.0.jar:/Users/mac/Library/Caches/Coursier/v1/https/repo1.maven.org/maven2/org/jline/jline-native/3.25.0/jline-native-3.25.0.jar:/Users/mac/Library/Caches/Coursier/v1/https/repo1.maven.org/maven2/org/scala-lang/scala3-compiler_3/3.3.6/scala3-compiler_3-3.3.6.jar:/Users/mac/Library/Caches/Coursier/v1/https/repo1.maven.org/maven2/org/scalameta/scalameta_2.13/4.13.9/scalameta_2.13-4.13.9.jar:/Users/mac/Library/Caches/Coursier/v1/https/repo1.maven.org/maven2/org/scala-lang/scalap/2.13.13/scalap-2.13.13.jar:/Users/mac/Library/Caches/Coursier/v1/https/repo1.maven.org/maven2/com/thesamet/scalapb/scalapb-runtime_2.13/0.11.15/scalapb-runtime_2.13-0.11.15.jar:/Users/mac/Library/Caches/Coursier/v1/https/repo1.maven.org/maven2/org/scala-native/tools_3/0.5.8/tools_3-0.5.8.jar:/Users/mac/Library/Caches/Coursier/v1/https/repo1.maven.org/maven2/org/scala-sbt/test-interface/1.0/test-interface-1.0.jar:/Users/mac/Library/Caches/Coursier/v1/https/repo1.maven.org/maven2/com/github/sbt/junit-interface/0.13.3/junit-interface-0.13.3.jar:/Users/mac/Library/Caches/Coursier/v1/https/repo1.maven.org/maven2/junit/junit/4.13.2/junit-4.13.2.jar:/Users/mac/Library/Caches/Coursier/v1/https/repo1.maven.org/maven2/com/lihaoyi/geny_3/1.1.1/geny_3-1.1.1.jar:/Users/mac/Library/Caches/Coursier/v1/https/repo1.maven.org/maven2/com/lihaoyi/os-zip/0.11.5/os-zip-0.11.5.jar:/Users/mac/Library/Caches/Coursier/v1/https/repo1.maven.org/maven2/com/lihaoyi/fansi_3/0.5.1/fansi_3-0.5.1.jar:/Users/mac/Library/Caches/Coursier/v1/https/repo1.maven.org/maven2/org/scala-js/scalajs-js-envs_2.13/1.4.0/scalajs-js-envs_2.13-1.4.0.jar:/Users/mac/Library/Caches/Coursier/v1/https/repo1.maven.org/maven2/ch/epfl/scala/bloop-config_2.13/2.3.2/bloop-config_2.13-2.3.2.jar:/Users/mac/Library/Caches/Coursier/v1/https/repo1.maven.org/maven2/org/virtuslab/scala-cli/core_3/1.8.5/core_3-1.8.5.jar:/Users/mac/Library/Caches/Coursier/v1/https/repo1.maven.org/maven2/org/virtuslab/using_directives/1.1.4/using_directives-1.1.4.jar:/Users/mac/Library/Caches/Coursier/v1/https/repo1.maven.org/maven2/org/virtuslab/scala-cli/build-macros_3/1.8.5/build-macros_3-1.8.5.jar:/Users/mac/Library/Caches/Coursier/v1/https/repo1.maven.org/maven2/ch/epfl/scala/bsp4j/2.1.1/bsp4j-2.1.1.jar:/Users/mac/Library/Caches/Coursier/v1/https/repo1.maven.org/maven2/javax/inject/javax.inject/1/javax.inject-1.jar:/Users/mac/Library/Caches/Coursier/v1/https/repo1.maven.org/maven2/org/codehaus/plexus/plexus-utils/4.0.1/plexus-utils-4.0.1.jar:/Users/mac/Library/Caches/Coursier/v1/https/repo1.maven.org/maven2/org/codehaus/plexus/plexus-io/3.5.0/plexus-io-3.5.0.jar:/Users/mac/Library/Caches/Coursier/v1/https/repo1.maven.org/maven2/io/airlift/aircompressor/0.27/aircompressor-0.27.jar:/Users/mac/Library/Caches/Coursier/v1/https/repo1.maven.org/maven2/org/tukaani/xz/1.9/xz-1.9.jar:/Users/mac/Library/Caches/Coursier/v1/https/repo1.maven.org/maven2/com/github/luben/zstd-jni/1.5.6-3/zstd-jni-1.5.6-3.jar:/Users/mac/Library/Caches/Coursier/v1/https/repo1.maven.org/maven2/org/codehaus/plexus/plexus-classworlds/2.6.0/plexus-classworlds-2.6.0.jar:/Users/mac/Library/Caches/Coursier/v1/https/repo1.maven.org/maven2/org/apache/xbean/xbean-reflect/3.7/xbean-reflect-3.7.jar:/Users/mac/Library/Caches/Coursier/v1/https/repo1.maven.org/maven2/org/fusesource/jansi/jansi/2.4.1/jansi-2.4.1.jar:/Users/mac/Library/Caches/Coursier/v1/https/repo1.maven.org/maven2/org/apache/httpcomponents/httpclient/4.5.13/httpclient-4.5.13.jar:/Users/mac/Library/Caches/Coursier/v1/https/repo1.maven.org/maven2/org/apache/httpcomponents/httpcore/4.4.15/httpcore-4.4.15.jar:/Users/mac/Library/Caches/Coursier/v1/https/repo1.maven.org/maven2/com/google/code/findbugs/jsr305/3.0.2/jsr305-3.0.2.jar:/Users/mac/Library/Caches/Coursier/v1/https/repo1.maven.org/maven2/io/opencensus/opencensus-api/0.31.1/opencensus-api-0.31.1.jar:/Users/mac/Library/Caches/Coursier/v1/https/repo1.maven.org/maven2/io/opencensus/opencensus-contrib-http-util/0.31.1/opencensus-contrib-http-util-0.31.1.jar:/Users/mac/Library/Caches/Coursier/v1/https/repo1.maven.org/maven2/com/google/auto/value/auto-value-annotations/1.9/auto-value-annotations-1.9.jar:/Users/mac/Library/Caches/Coursier/v1/https/repo1.maven.org/maven2/com/google/auth/google-auth-library-credentials/1.10.0/google-auth-library-credentials-1.10.0.jar:/Users/mac/Library/Caches/Coursier/v1/https/repo1.maven.org/maven2/com/google/http-client/google-http-client-gson/1.42.2/google-http-client-gson-1.42.2.jar:/Users/mac/Library/Caches/Coursier/v1/https/repo1.maven.org/maven2/commons-codec/commons-codec/1.17.0/commons-codec-1.17.0.jar:/Users/mac/Library/Caches/Coursier/v1/https/repo1.maven.org/maven2/org/apache/commons/commons-lang3/3.14.0/commons-lang3-3.14.0.jar:/Users/mac/Library/Caches/Coursier/v1/https/repo1.maven.org/maven2/com/fasterxml/jackson/core/jackson-annotations/2.15.2/jackson-annotations-2.15.2.jar:/Users/mac/Library/Caches/Coursier/v1/https/repo1.maven.org/maven2/com/fasterxml/jackson/core/jackson-core/2.15.2/jackson-core-2.15.2.jar:/Users/mac/Library/Caches/Coursier/v1/https/repo1.maven.org/maven2/org/scala-lang/scala3-interfaces/3.3.6/scala3-interfaces-3.3.6.jar:/Users/mac/Library/Caches/Coursier/v1/https/repo1.maven.org/maven2/org/scala-lang/tasty-core_3/3.3.6/tasty-core_3-3.3.6.jar:/Users/mac/Library/Caches/Coursier/v1/https/repo1.maven.org/maven2/org/scala-lang/modules/scala-asm/9.8.0-scala-1/scala-asm-9.8.0-scala-1.jar:/Users/mac/Library/Caches/Coursier/v1/https/repo1.maven.org/maven2/org/scala-sbt/compiler-interface/1.10.4/compiler-interface-1.10.4.jar:/Users/mac/Library/Caches/Coursier/v1/https/repo1.maven.org/maven2/org/scalameta/parsers_2.13/4.13.9/parsers_2.13-4.13.9.jar:/Users/mac/Library/Caches/Coursier/v1/https/repo1.maven.org/maven2/org/scala-lang/scala-compiler/2.13.13/scala-compiler-2.13.13.jar:/Users/mac/Library/Caches/Coursier/v1/https/repo1.maven.org/maven2/com/thesamet/scalapb/lenses_2.13/0.11.15/lenses_2.13-0.11.15.jar:/Users/mac/Library/Caches/Coursier/v1/https/repo1.maven.org/maven2/com/google/protobuf/protobuf-java/3.19.6/protobuf-java-3.19.6.jar:/Users/mac/Library/Caches/Coursier/v1/https/repo1.maven.org/maven2/org/scala-native/nir_3/0.5.8/nir_3-0.5.8.jar:/Users/mac/Library/Caches/Coursier/v1/https/repo1.maven.org/maven2/org/scala-native/util_3/0.5.8/util_3-0.5.8.jar:/Users/mac/Library/Caches/Coursier/v1/https/repo1.maven.org/maven2/org/hamcrest/hamcrest-core/1.3/hamcrest-core-1.3.jar:/Users/mac/Library/Caches/Coursier/v1/https/repo1.maven.org/maven2/org/scala-js/scalajs-logging_2.13/1.1.1/scalajs-logging_2.13-1.1.1.jar:/Users/mac/Library/Caches/Coursier/v1/https/repo1.maven.org/maven2/com/lihaoyi/unroll-annotation_2.13/0.1.12/unroll-annotation_2.13-0.1.12.jar:/Users/mac/Library/Caches/Coursier/v1/https/repo1.maven.org/maven2/ch/epfl/scala/bloop-rifle_2.13/2.0.13/bloop-rifle_2.13-2.0.13.jar:/Users/mac/Library/Caches/Coursier/v1/https/repo1.maven.org/maven2/io/get-coursier/coursier-jvm_2.13/2.1.24/coursier-jvm_2.13-2.1.24.jar:/Users/mac/Library/Caches/Coursier/v1/https/repo1.maven.org/maven2/io/get-coursier/dependency_3/0.3.2/dependency_3-0.3.2.jar:/Users/mac/Library/Caches/Coursier/v1/https/repo1.maven.org/maven2/org/eclipse/jgit/org.eclipse.jgit/6.8.0.202311291450-r/org.eclipse.jgit-6.8.0.202311291450-r.jar:/Users/mac/Library/Caches/Coursier/v1/https/repo1.maven.org/maven2/org/scala-js/scalajs-env-jsdom-nodejs_2.13/1.1.0/scalajs-env-jsdom-nodejs_2.13-1.1.0.jar:/Users/mac/Library/Caches/Coursier/v1/https/repo1.maven.org/maven2/org/eclipse/lsp4j/org.eclipse.lsp4j.generator/0.20.1/org.eclipse.lsp4j.generator-0.20.1.jar:/Users/mac/Library/Caches/Coursier/v1/https/repo1.maven.org/maven2/org/eclipse/lsp4j/org.eclipse.lsp4j.jsonrpc/0.20.1/org.eclipse.lsp4j.jsonrpc-0.20.1.jar:/Users/mac/Library/Caches/Coursier/v1/https/repo1.maven.org/maven2/commons-logging/commons-logging/1.2/commons-logging-1.2.jar:/Users/mac/Library/Caches/Coursier/v1/https/repo1.maven.org/maven2/io/grpc/grpc-context/1.27.2/grpc-context-1.27.2.jar:/Users/mac/Library/Caches/Coursier/v1/https/repo1.maven.org/maven2/com/google/code/gson/gson/2.10.1/gson-2.10.1.jar:/Users/mac/Library/Caches/Coursier/v1/https/repo1.maven.org/maven2/org/scala-sbt/util-interface/1.10.4/util-interface-1.10.4.jar:/Users/mac/Library/Caches/Coursier/v1/https/repo1.maven.org/maven2/org/scalameta/trees_2.13/4.13.9/trees_2.13-4.13.9.jar:/Users/mac/Library/Caches/Coursier/v1/https/repo1.maven.org/maven2/io/github/java-diff-utils/java-diff-utils/4.12/java-diff-utils-4.12.jar:/Users/mac/Library/Caches/Coursier/v1/https/repo1.maven.org/maven2/ch/epfl/scala/libdaemon_2.13/0.0.12/libdaemon_2.13-0.0.12.jar:/Users/mac/Library/Caches/Coursier/v1/https/repo1.maven.org/maven2/io/github/alexarchambault/scala-cli/snailgun/snailgun-core_2.13/0.4.1-sc2/snailgun-core_2.13-0.4.1-sc2.jar:/Users/mac/Library/Caches/Coursier/v1/https/repo1.maven.org/maven2/io/get-coursier/coursier_2.13/2.1.24/coursier_2.13-2.1.24.jar:/Users/mac/Library/Caches/Coursier/v1/https/repo1.maven.org/maven2/io/get-coursier/coursier-env_2.13/2.1.24/coursier-env_2.13-2.1.24.jar:/Users/mac/Library/Caches/Coursier/v1/https/repo1.maven.org/maven2/com/googlecode/javaewah/JavaEWAH/1.2.3/JavaEWAH-1.2.3.jar:/Users/mac/Library/Caches/Coursier/v1/https/repo1.maven.org/maven2/org/eclipse/xtend/org.eclipse.xtend.lib/2.28.0/org.eclipse.xtend.lib-2.28.0.jar:/Users/mac/Library/Caches/Coursier/v1/https/repo1.maven.org/maven2/org/scalameta/common_2.13/4.13.9/common_2.13-4.13.9.jar:/Users/mac/Library/Caches/Coursier/v1/https/repo1.maven.org/maven2/org/scalameta/io_2.13/4.13.9/io_2.13-4.13.9.jar:/Users/mac/Library/Caches/Coursier/v1/https/repo1.maven.org/maven2/org/eclipse/xtext/org.eclipse.xtext.xbase.lib/2.28.0/org.eclipse.xtext.xbase.lib-2.28.0.jar:/Users/mac/Library/Caches/Coursier/v1/https/repo1.maven.org/maven2/org/eclipse/xtend/org.eclipse.xtend.lib.macro/2.28.0/org.eclipse.xtend.lib.macro-2.28.0.jar, scala.cli.ScalaCli, bsp, /Users/mac/Desktop/GitHub/Scala_Beakjoon)
2025.09.10 22:46:27 INFO  no build target found for /Users/mac/Desktop/GitHub/Scala_Beakjoon/16394.scala. Using presentation compiler with project's scala-library version: 3.3.6
2025.09.10 22:46:28 INFO  no build target found for /Users/mac/Desktop/GitHub/Scala_Beakjoon/16394.scala. Using presentation compiler with project's scala-library version: 3.3.6
2025.09.10 22:46:28 INFO  tracing is disabled for protocol BSP, to enable tracing of incoming and outgoing JSON messages create an empty file at /Users/mac/Desktop/GitHub/Scala_Beakjoon/.metals/bsp.trace.json or /Users/mac/Library/Caches/org.scalameta.metals/bsp.trace.json
2025.09.10 22:46:28 INFO  no build target found for /Users/mac/Desktop/GitHub/Scala_Beakjoon/16394.scala. Using presentation compiler with project's scala-library version: 3.3.6
9월 10, 2025 10:46:28 오후 org.eclipse.lsp4j.jsonrpc.RemoteEndpoint handleCancellation
WARNING: Unmatched cancel notification for request id 64
2025.09.10 22:46:28 INFO  no build target found for /Users/mac/Desktop/GitHub/Scala_Beakjoon/16394.scala. Using presentation compiler with project's scala-library version: 3.3.6
2025.09.10 22:46:28 INFO  no build target found for /Users/mac/Desktop/GitHub/Scala_Beakjoon/16394.scala. Using presentation compiler with project's scala-library version: 3.3.6
2025.09.10 22:46:28 INFO  no build target found for /Users/mac/Desktop/GitHub/Scala_Beakjoon/16394.scala. Using presentation compiler with project's scala-library version: 3.3.6
2025.09.10 22:46:29 INFO  no build target found for /Users/mac/Desktop/GitHub/Scala_Beakjoon/16394.scala. Using presentation compiler with project's scala-library version: 3.3.6
9월 10, 2025 10:46:29 오후 org.eclipse.lsp4j.jsonrpc.RemoteEndpoint handleCancellation
WARNING: Unmatched cancel notification for request id 72
9월 10, 2025 10:46:29 오후 org.eclipse.lsp4j.jsonrpc.RemoteEndpoint handleCancellation
WARNING: Unmatched cancel notification for request id 74
2025.09.10 22:46:29 INFO  no build target found for /Users/mac/Desktop/GitHub/Scala_Beakjoon/16394.scala. Using presentation compiler with project's scala-library version: 3.3.6
2025.09.10 22:46:29 INFO  no build target found for /Users/mac/Desktop/GitHub/Scala_Beakjoon/16394.scala. Using presentation compiler with project's scala-library version: 3.3.6
2025.09.10 22:46:29 INFO  no build target found for /Users/mac/Desktop/GitHub/Scala_Beakjoon/16394.scala. Using presentation compiler with project's scala-library version: 3.3.6
2025.09.10 22:46:29 INFO  no build target found for /Users/mac/Desktop/GitHub/Scala_Beakjoon/16394.scala. Using presentation compiler with project's scala-library version: 3.3.6
2025.09.10 22:46:29 INFO  no build target found for /Users/mac/Desktop/GitHub/Scala_Beakjoon/16394.scala. Using presentation compiler with project's scala-library version: 3.3.6
9월 10, 2025 10:46:30 오후 org.eclipse.lsp4j.jsonrpc.RemoteEndpoint handleCancellation
WARNING: Unmatched cancel notification for request id 84
9월 10, 2025 10:46:30 오후 org.eclipse.lsp4j.jsonrpc.RemoteEndpoint handleCancellation
WARNING: Unmatched cancel notification for request id 81
9월 10, 2025 10:46:30 오후 org.eclipse.lsp4j.jsonrpc.RemoteEndpoint handleCancellation
WARNING: Unmatched cancel notification for request id 83
2025.09.10 22:46:30 INFO  no build target found for /Users/mac/Desktop/GitHub/Scala_Beakjoon/16394.scala. Using presentation compiler with project's scala-library version: 3.3.6
2025.09.10 22:46:30 INFO  no build target found for /Users/mac/Desktop/GitHub/Scala_Beakjoon/16394.scala. Using presentation compiler with project's scala-library version: 3.3.6
2025.09.10 22:46:32 INFO  no build target found for /Users/mac/Desktop/GitHub/Scala_Beakjoon/16394.scala. Using presentation compiler with project's scala-library version: 3.3.6
2025.09.10 22:46:32 INFO  no build target found for /Users/mac/Desktop/GitHub/Scala_Beakjoon/16394.scala. Using presentation compiler with project's scala-library version: 3.3.6
2025.09.10 22:46:32 INFO  no build target found for /Users/mac/Desktop/GitHub/Scala_Beakjoon/16394.scala. Using presentation compiler with project's scala-library version: 3.3.6
9월 10, 2025 10:46:33 오후 org.eclipse.lsp4j.jsonrpc.RemoteEndpoint handleCancellation
WARNING: Unmatched cancel notification for request id 92
9월 10, 2025 10:46:33 오후 org.eclipse.lsp4j.jsonrpc.RemoteEndpoint handleCancellation
WARNING: Unmatched cancel notification for request id 94
2025.09.10 22:46:33 INFO  no build target found for /Users/mac/Desktop/GitHub/Scala_Beakjoon/16394.scala. Using presentation compiler with project's scala-library version: 3.3.6
2025.09.10 22:46:33 INFO  no build target found for /Users/mac/Desktop/GitHub/Scala_Beakjoon/16394.scala. Using presentation compiler with project's scala-library version: 3.3.6
2025.09.10 22:46:33 INFO  no build target found for /Users/mac/Desktop/GitHub/Scala_Beakjoon/16394.scala. Using presentation compiler with project's scala-library version: 3.3.6
2025.09.10 22:46:33 INFO  no build target found for /Users/mac/Desktop/GitHub/Scala_Beakjoon/16394.scala. Using presentation compiler with project's scala-library version: 3.3.6
2025.09.10 22:46:39 INFO  no build target found for /Users/mac/Desktop/GitHub/Scala_Beakjoon/16394.scala. Using presentation compiler with project's scala-library version: 3.3.6
2025.09.10 22:46:42 INFO  Scala CLI: WARNING: A terminally deprecated method in sun.misc.Unsafe has been called
2025.09.10 22:46:42 INFO  Scala CLI: WARNING: sun.misc.Unsafe::objectFieldOffset has been called by scala.runtime.LazyVals$ (file:/Users/mac/Library/Caches/Coursier/v1/https/repo1.maven.org/maven2/org/scala-lang/scala3-library_3/3.3.6/scala3-library_3-3.3.6.jar)
2025.09.10 22:46:42 INFO  Scala CLI: WARNING: Please consider reporting this to the maintainers of class scala.runtime.LazyVals$
2025.09.10 22:46:42 INFO  Scala CLI: WARNING: sun.misc.Unsafe::objectFieldOffset will be removed in a future release
2025.09.10 22:46:46 WARN  Could not find semantic tokens for: file:///Users/mac/Desktop/GitHub/Scala_Beakjoon/16394.scala
2025.09.10 22:46:48 INFO  no build target found for /Users/mac/Desktop/GitHub/Scala_Beakjoon/16394.scala. Using presentation compiler with project's scala-library version: 3.3.6
2025.09.10 22:46:49 INFO  no build target found for /Users/mac/Desktop/GitHub/Scala_Beakjoon/16394.scala. Using presentation compiler with project's scala-library version: 3.3.6
2025.09.10 22:46:50 INFO  no build target found for /Users/mac/Desktop/GitHub/Scala_Beakjoon/16394.scala. Using presentation compiler with project's scala-library version: 3.3.6
2025.09.10 22:46:50 INFO  no build target found for /Users/mac/Desktop/GitHub/Scala_Beakjoon/16394.scala. Using presentation compiler with project's scala-library version: 3.3.6
9월 10, 2025 10:46:51 오후 org.eclipse.lsp4j.jsonrpc.RemoteEndpoint handleCancellation
WARNING: Unmatched cancel notification for request id 110
9월 10, 2025 10:46:51 오후 org.eclipse.lsp4j.jsonrpc.RemoteEndpoint handleCancellation
WARNING: Unmatched cancel notification for request id 113
9월 10, 2025 10:46:51 오후 org.eclipse.lsp4j.jsonrpc.RemoteEndpoint handleCancellation
WARNING: Unmatched cancel notification for request id 112
2025.09.10 22:46:52 INFO  no build target found for /Users/mac/Desktop/GitHub/Scala_Beakjoon/16394.scala. Using presentation compiler with project's scala-library version: 3.3.6
2025.09.10 22:46:52 INFO  no build target found for /Users/mac/Desktop/GitHub/Scala_Beakjoon/16394.scala. Using presentation compiler with project's scala-library version: 3.3.6
2025.09.10 22:46:53 INFO  no build target found for /Users/mac/Desktop/GitHub/Scala_Beakjoon/16394.scala. Using presentation compiler with project's scala-library version: 3.3.6
2025.09.10 22:46:53 INFO  no build target found for /Users/mac/Desktop/GitHub/Scala_Beakjoon/16394.scala. Using presentation compiler with project's scala-library version: 3.3.6
9월 10, 2025 10:46:53 오후 org.eclipse.lsp4j.jsonrpc.RemoteEndpoint handleCancellation
WARNING: Unmatched cancel notification for request id 117
9월 10, 2025 10:46:53 오후 org.eclipse.lsp4j.jsonrpc.RemoteEndpoint handleCancellation
WARNING: Unmatched cancel notification for request id 120
2025.09.10 22:46:53 INFO  no build target found for /Users/mac/Desktop/GitHub/Scala_Beakjoon/16394.scala. Using presentation compiler with project's scala-library version: 3.3.6
2025.09.10 22:46:54 INFO  no build target found for /Users/mac/Desktop/GitHub/Scala_Beakjoon/16394.scala. Using presentation compiler with project's scala-library version: 3.3.6
9월 10, 2025 10:46:54 오후 org.eclipse.lsp4j.jsonrpc.RemoteEndpoint handleCancellation
WARNING: Unmatched cancel notification for request id 119
2025.09.10 22:46:54 INFO  no build target found for /Users/mac/Desktop/GitHub/Scala_Beakjoon/16394.scala. Using presentation compiler with project's scala-library version: 3.3.6
2025.09.10 22:46:54 INFO  no build target found for /Users/mac/Desktop/GitHub/Scala_Beakjoon/16394.scala. Using presentation compiler with project's scala-library version: 3.3.6
9월 10, 2025 10:46:55 오후 org.eclipse.lsp4j.jsonrpc.RemoteEndpoint handleCancellation
WARNING: Unmatched cancel notification for request id 123
2025.09.10 22:46:54 INFO  no build target found for /Users/mac/Desktop/GitHub/Scala_Beakjoon/16394.scala. Using presentation compiler with project's scala-library version: 3.3.6
2025.09.10 22:46:54 INFO  no build target found for /Users/mac/Desktop/GitHub/Scala_Beakjoon/16394.scala. Using presentation compiler with project's scala-library version: 3.3.6
2025.09.10 22:46:58 INFO  no build target found for /Users/mac/Desktop/GitHub/Scala_Beakjoon/16394.scala. Using presentation compiler with project's scala-library version: 3.3.6
2025.09.10 22:46:58 INFO  no build target found for /Users/mac/Desktop/GitHub/Scala_Beakjoon/16394.scala. Using presentation compiler with project's scala-library version: 3.3.6
2025.09.10 22:46:58 INFO  no build target found for /Users/mac/Desktop/GitHub/Scala_Beakjoon/16394.scala. Using presentation compiler with project's scala-library version: 3.3.6
2025.09.10 22:46:58 INFO  no build target found for /Users/mac/Desktop/GitHub/Scala_Beakjoon/16394.scala. Using presentation compiler with project's scala-library version: 3.3.6
2025.09.10 22:47:00 INFO  no build target found for /Users/mac/Desktop/GitHub/Scala_Beakjoon/16394.scala. Using presentation compiler with project's scala-library version: 3.3.6
2025.09.10 22:47:00 INFO  no build target found for /Users/mac/Desktop/GitHub/Scala_Beakjoon/16394.scala. Using presentation compiler with project's scala-library version: 3.3.6
2025.09.10 22:47:00 INFO  no build target found for /Users/mac/Desktop/GitHub/Scala_Beakjoon/16394.scala. Using presentation compiler with project's scala-library version: 3.3.6
2025.09.10 22:47:06 INFO  no build target found for /Users/mac/Desktop/GitHub/Scala_Beakjoon/16394.scala. Using presentation compiler with project's scala-library version: 3.3.6
2025.09.10 22:47:06 INFO  no build target found for /Users/mac/Desktop/GitHub/Scala_Beakjoon/16394.scala. Using presentation compiler with project's scala-library version: 3.3.6
2025.09.10 22:47:06 INFO  no build target found for /Users/mac/Desktop/GitHub/Scala_Beakjoon/16394.scala. Using presentation compiler with project's scala-library version: 3.3.6
2025.09.10 22:47:06 INFO  no build target found for /Users/mac/Desktop/GitHub/Scala_Beakjoon/16394.scala. Using presentation compiler with project's scala-library version: 3.3.6
2025.09.10 22:47:08 INFO  no build target found for /Users/mac/Desktop/GitHub/Scala_Beakjoon/16394.scala. Using presentation compiler with project's scala-library version: 3.3.6
2025.09.10 22:47:08 INFO  no build target found for /Users/mac/Desktop/GitHub/Scala_Beakjoon/16394.scala. Using presentation compiler with project's scala-library version: 3.3.6
2025.09.10 22:47:08 INFO  no build target found for /Users/mac/Desktop/GitHub/Scala_Beakjoon/16394.scala. Using presentation compiler with project's scala-library version: 3.3.6
2025.09.10 22:47:08 INFO  no build target found for /Users/mac/Desktop/GitHub/Scala_Beakjoon/16394.scala. Using presentation compiler with project's scala-library version: 3.3.6
2025.09.10 22:47:10 INFO  no build target found for /Users/mac/Desktop/GitHub/Scala_Beakjoon/16394.scala. Using presentation compiler with project's scala-library version: 3.3.6
2025.09.10 22:47:10 INFO  no build target found for /Users/mac/Desktop/GitHub/Scala_Beakjoon/16394.scala. Using presentation compiler with project's scala-library version: 3.3.6
2025.09.10 22:47:10 INFO  no build target found for /Users/mac/Desktop/GitHub/Scala_Beakjoon/16394.scala. Using presentation compiler with project's scala-library version: 3.3.6
2025.09.10 22:47:10 INFO  no build target found for /Users/mac/Desktop/GitHub/Scala_Beakjoon/16394.scala. Using presentation compiler with project's scala-library version: 3.3.6
2025.09.10 22:47:10 INFO  no build target found for /Users/mac/Desktop/GitHub/Scala_Beakjoon/16394.scala. Using presentation compiler with project's scala-library version: 3.3.6
2025.09.10 22:47:10 INFO  no build target found for /Users/mac/Desktop/GitHub/Scala_Beakjoon/16394.scala. Using presentation compiler with project's scala-library version: 3.3.6
9월 10, 2025 10:47:11 오후 org.eclipse.lsp4j.jsonrpc.RemoteEndpoint handleCancellation
WARNING: Unmatched cancel notification for request id 174
2025.09.10 22:47:11 INFO  no build target found for /Users/mac/Desktop/GitHub/Scala_Beakjoon/16394.scala. Using presentation compiler with project's scala-library version: 3.3.6
2025.09.10 22:47:11 INFO  no build target found for /Users/mac/Desktop/GitHub/Scala_Beakjoon/16394.scala. Using presentation compiler with project's scala-library version: 3.3.6
2025.09.10 22:47:11 INFO  no build target found for /Users/mac/Desktop/GitHub/Scala_Beakjoon/16394.scala. Using presentation compiler with project's scala-library version: 3.3.6
2025.09.10 22:47:11 INFO  no build target found for /Users/mac/Desktop/GitHub/Scala_Beakjoon/16394.scala. Using presentation compiler with project's scala-library version: 3.3.6
2025.09.10 22:47:13 INFO  no build target found for /Users/mac/Desktop/GitHub/Scala_Beakjoon/16394.scala. Using presentation compiler with project's scala-library version: 3.3.6
2025.09.10 22:47:13 INFO  no build target found for /Users/mac/Desktop/GitHub/Scala_Beakjoon/16394.scala. Using presentation compiler with project's scala-library version: 3.3.6
2025.09.10 22:47:13 INFO  no build target found for /Users/mac/Desktop/GitHub/Scala_Beakjoon/16394.scala. Using presentation compiler with project's scala-library version: 3.3.6
2025.09.10 22:47:13 INFO  no build target found for /Users/mac/Desktop/GitHub/Scala_Beakjoon/16394.scala. Using presentation compiler with project's scala-library version: 3.3.6
2025.09.10 22:47:13 INFO  no build target found for /Users/mac/Desktop/GitHub/Scala_Beakjoon/16394.scala. Using presentation compiler with project's scala-library version: 3.3.6
2025.09.10 22:47:14 INFO  no build target found for /Users/mac/Desktop/GitHub/Scala_Beakjoon/16394.scala. Using presentation compiler with project's scala-library version: 3.3.6
2025.09.10 22:47:14 INFO  no build target found for /Users/mac/Desktop/GitHub/Scala_Beakjoon/16394.scala. Using presentation compiler with project's scala-library version: 3.3.6
2025.09.10 22:47:14 INFO  no build target found for /Users/mac/Desktop/GitHub/Scala_Beakjoon/16394.scala. Using presentation compiler with project's scala-library version: 3.3.6
2025.09.10 22:47:14 INFO  no build target found for /Users/mac/Desktop/GitHub/Scala_Beakjoon/16394.scala. Using presentation compiler with project's scala-library version: 3.3.6
2025.09.10 22:47:15 INFO  no build target found for /Users/mac/Desktop/GitHub/Scala_Beakjoon/16394.scala. Using presentation compiler with project's scala-library version: 3.3.6
2025.09.10 22:47:15 INFO  no build target found for /Users/mac/Desktop/GitHub/Scala_Beakjoon/16394.scala. Using presentation compiler with project's scala-library version: 3.3.6
2025.09.10 22:47:18 INFO  Scala CLI: Starting compilation server
2025.09.10 22:47:24 INFO  Scala CLI: WARNING: A restricted method in java.lang.System has been called
2025.09.10 22:47:24 INFO  Scala CLI: WARNING: java.lang.System::loadLibrary has been called by com.swoval.runtime.NativeLoader in an unnamed module (file:/Users/mac/Library/Caches/Coursier/v1/https/repo1.maven.org/maven2/com/swoval/file-tree-views/2.1.12/file-tree-views-2.1.12.jar)
2025.09.10 22:47:24 INFO  Scala CLI: WARNING: Use --enable-native-access=ALL-UNNAMED to avoid a warning for callers in this module
2025.09.10 22:47:24 INFO  Scala CLI: WARNING: Restricted methods will be blocked in a future release unless native access is enabled
2025.09.10 22:47:24 INFO  Scala CLI: 
2025.09.10 22:47:28 INFO  Connected to Scala CLI server v1.8.5
2025.09.10 22:47:33 INFO  compiling scala_beakjoon_d5c0a6989e (1 scala source)
2025.09.10 22:47:44 INFO  time: compiled Scala_Beakjoon_d5c0a6989e in 11s
2025.09.10 22:48:02 INFO  time: indexed workspace in 32s
2025.09.10 22:48:03 INFO  Scala CLI started for /Users/mac/Desktop/GitHub/Scala_Beakjoon
2025.09.10 22:48:03 WARN  no build tool detected in workspace '/Users/mac/Desktop/GitHub/Scala_Beakjoon'. The most common cause for this problem is that the editor was opened in the wrong working directory, for example if you use sbt then the workspace directory should contain build.sbt. 
2025.09.10 22:48:03 WARN  Build server is not auto-connectable.
2025.09.10 22:48:27 INFO  Scala CLI: [E] Caught java.lang.InterruptedException
2025.09.10 22:48:27 INFO  Scala CLI: Bloop 'bsp' command exited with code 1. Something may be wrong with the current configuration.
2025.09.10 22:48:27 INFO  Scala CLI: Running the clean sub-command to clear the working directory and remove caches might help.
2025.09.10 22:48:27 INFO  Scala CLI: If the error persists, please report the issue as a bug and attach a log with increased verbosity by passing -v -v -v.
2025.09.10 22:53:34 INFO  Scala CLI: Fatal error has occured within bloop bsp server, method: buildTargetCompile, with params: CompileParams [
2025.09.10 22:53:34 INFO  Scala CLI:   targets = ArrayList (
2025.09.10 22:53:34 INFO  Scala CLI:     BuildTargetIdentifier [
2025.09.10 22:53:34 INFO  Scala CLI:       uri = "file:/Users/mac/Desktop/GitHub/Scala_Beakjoon/.scala-build/?id=Scala_Beakjoon_d5c0a6989e"
2025.09.10 22:53:34 INFO  Scala CLI:     ]
2025.09.10 22:53:34 INFO  Scala CLI:   )
2025.09.10 22:53:34 INFO  Scala CLI:   originId = "METALS-$6788d63b-1eab-4951-82bd-a9297522f804"
2025.09.10 22:53:34 INFO  Scala CLI:   arguments = ArrayList ()
2025.09.10 22:53:34 INFO  Scala CLI: ]. Shutting down the server:
2025.09.10 22:53:34 INFO  Scala CLI:  org.eclipse.lsp4j.jsonrpc.JsonRpcException: java.io.IOException: Broken pipe
2025.09.10 22:53:34 INFO  Scala CLI: 	at org.eclipse.lsp4j.jsonrpc.json.StreamMessageConsumer.consume(StreamMessageConsumer.java:72)
2025.09.10 22:53:34 INFO  Scala CLI: 	at org.eclipse.lsp4j.jsonrpc.RemoteEndpoint.request(RemoteEndpoint.java:161)
2025.09.10 22:53:34 INFO  Scala CLI: 	at org.eclipse.lsp4j.jsonrpc.services.EndpointProxy.invoke(EndpointProxy.java:91)
2025.09.10 22:53:34 INFO  Scala CLI: 	at jdk.proxy2/jdk.proxy2.$Proxy6.buildTargetCompile(Unknown Source)
2025.09.10 22:53:34 INFO  Scala CLI: 	at scala.build.bsp.BuildServerForwardStubs.buildTargetCompile(BuildServerForwardStubs.scala:40)
2025.09.10 22:53:34 INFO  Scala CLI: 	at scala.build.bsp.BuildServerForwardStubs.buildTargetCompile$(BuildServerForwardStubs.scala:9)
2025.09.10 22:53:34 INFO  Scala CLI: 	at scala.build.bsp.BspServer.buildTargetCompile$$anonfun$1(BspServer.scala:203)
2025.09.10 22:53:34 INFO  Scala CLI: 	at scala.build.bsp.BspImpl.compile$$anonfun$1(BspImpl.scala:356)
2025.09.10 22:53:34 INFO  Scala CLI: 	at java.base/java.util.concurrent.CompletableFuture$UniCompose.tryFire(CompletableFuture.java:1196)
2025.09.10 22:53:34 INFO  Scala CLI: 	at java.base/java.util.concurrent.CompletableFuture.postComplete(CompletableFuture.java:556)
2025.09.10 22:53:34 INFO  Scala CLI: 	at java.base/java.util.concurrent.CompletableFuture$AsyncSupply.run(CompletableFuture.java:1819)
2025.09.10 22:53:34 INFO  Scala CLI: 	at java.base/java.util.concurrent.ThreadPoolExecutor.runWorker(ThreadPoolExecutor.java:1095)
2025.09.10 22:53:34 INFO  Scala CLI: 	at java.base/java.util.concurrent.ThreadPoolExecutor$Worker.run(ThreadPoolExecutor.java:619)
2025.09.10 22:53:34 INFO  Scala CLI: 	at java.base/java.lang.Thread.run(Thread.java:1447)
2025.09.10 22:53:34 INFO  Scala CLI: Caused by: java.io.IOException: Broken pipe
2025.09.10 22:53:34 INFO  Scala CLI: 	at java.base/sun.nio.ch.SocketDispatcher.write0(Native Method)
2025.09.10 22:53:34 INFO  Scala CLI: 	at java.base/sun.nio.ch.SocketDispatcher.write(SocketDispatcher.java:62)
2025.09.10 22:53:34 INFO  Scala CLI: 	at java.base/sun.nio.ch.SocketChannelImpl.tryWrite(SocketChannelImpl.java:1444)
2025.09.10 22:53:34 INFO  Scala CLI: 	at java.base/sun.nio.ch.SocketChannelImpl.blockingWriteFully(SocketChannelImpl.java:1478)
2025.09.10 22:53:34 INFO  Scala CLI: 	at java.base/sun.nio.ch.SocketOutputStream.write(SocketOutputStream.java:61)
2025.09.10 22:53:34 INFO  Scala CLI: 	at java.base/java.io.OutputStream.write(OutputStream.java:124)
2025.09.10 22:53:34 INFO  Scala CLI: 	at org.eclipse.lsp4j.jsonrpc.json.StreamMessageConsumer.consume(StreamMessageConsumer.java:67)
2025.09.10 22:53:34 INFO  Scala CLI: 	... 13 more
2025.09.10 22:53:34 INFO  Scala CLI: 
2025.09.10 22:53:35 INFO  Running List(/Library/Java/JavaVirtualMachines/jdk-24.jdk/Contents/Home/bin/java, -cp, /Users/mac/Library/Caches/Coursier/v1/https/repo1.maven.org/maven2/org/virtuslab/scala-cli/cli_3/1.8.5/cli_3-1.8.5.jar:/Users/mac/Library/Caches/Coursier/v1/https/repo1.maven.org/maven2/com/github/alexarchambault/case-app_3/2.1.0-M30/case-app_3-2.1.0-M30.jar:/Users/mac/Library/Caches/Coursier/v1/https/repo1.maven.org/maven2/io/get-coursier/coursier-launcher_2.13/2.1.24/coursier-launcher_2.13-2.1.24.jar:/Users/mac/Library/Caches/Coursier/v1/https/repo1.maven.org/maven2/io/get-coursier/coursier-proxy-setup/2.1.24/coursier-proxy-setup-2.1.24.jar:/Users/mac/Library/Caches/Coursier/v1/https/repo1.maven.org/maven2/io/get-coursier/publish/publish_3/0.4.3/publish_3-0.4.3.jar:/Users/mac/Library/Caches/Coursier/v1/https/repo1.maven.org/maven2/com/google/jimfs/jimfs/1.3.1/jimfs-1.3.1.jar:/Users/mac/Library/Caches/Coursier/v1/https/repo1.maven.org/maven2/io/get-coursier/jniutils/windows-jni-utils/0.3.3/windows-jni-utils-0.3.3.jar:/Users/mac/Library/Caches/Coursier/v1/https/repo1.maven.org/maven2/com/github/plokhotnyuk/jsoniter-scala/jsoniter-scala-core_3/2.13.5.2/jsoniter-scala-core_3-2.13.5.2.jar:/Users/mac/Library/Caches/Coursier/v1/https/repo1.maven.org/maven2/org/virtuslab/scala-cli/libsodiumjni/0.0.4/libsodiumjni-0.0.4.jar:/Users/mac/Library/Caches/Coursier/v1/https/repo1.maven.org/maven2/org/scalameta/metaconfig-typesafe-config_3/0.16.0/metaconfig-typesafe-config_3-0.16.0.jar:/Users/mac/Library/Caches/Coursier/v1/https/repo1.maven.org/maven2/ai/kien/python-native-libs_3/0.2.4/python-native-libs_3-0.2.4.jar:/Users/mac/Library/Caches/Coursier/v1/https/repo1.maven.org/maven2/org/virtuslab/scala-packager_2.13/0.1.33/scala-packager_2.13-0.1.33.jar:/Users/mac/Library/Caches/Coursier/v1/https/repo1.maven.org/maven2/org/virtuslab/scala-cli-signing/cli_3/0.2.11/cli_3-0.2.11.jar:/Users/mac/Library/Caches/Coursier/v1/https/repo1.maven.org/maven2/org/slf4j/slf4j-nop/2.0.17/slf4j-nop-2.0.17.jar:/Users/mac/Library/Caches/Coursier/v1/https/repo1.maven.org/maven2/com/softwaremill/sttp/client3/core_3/3.11.0/core_3-3.11.0.jar:/Users/mac/Library/Caches/Coursier/v1/https/repo1.maven.org/maven2/ch/epfl/scala/scalafix-interfaces/0.14.3/scalafix-interfaces-0.14.3.jar:/Users/mac/Library/Caches/Coursier/v1/https/repo1.maven.org/maven2/org/scala-lang/scala3-library_3/3.3.6/scala3-library_3-3.3.6.jar:/Users/mac/Library/Caches/Coursier/v1/https/repo1.maven.org/maven2/org/virtuslab/scala-cli/build-module_3/1.8.5/build-module_3-1.8.5.jar:/Users/mac/Library/Caches/Coursier/v1/https/repo1.maven.org/maven2/org/virtuslab/scala-cli/config_3/1.8.5/config_3-1.8.5.jar:/Users/mac/Library/Caches/Coursier/v1/https/repo1.maven.org/maven2/org/virtuslab/scala-cli/scala3-graal_3/1.8.5/scala3-graal_3-1.8.5.jar:/Users/mac/Library/Caches/Coursier/v1/https/repo1.maven.org/maven2/org/virtuslab/scala-cli/specification-level_3/1.8.5/specification-level_3-1.8.5.jar:/Users/mac/Library/Caches/Coursier/v1/https/repo1.maven.org/maven2/com/lihaoyi/sourcecode_3/0.4.3-M5/sourcecode_3-0.4.3-M5.jar:/Users/mac/Library/Caches/Coursier/v1/https/repo1.maven.org/maven2/com/github/alexarchambault/case-app-annotations_3/2.1.0-M30/case-app-annotations_3-2.1.0-M30.jar:/Users/mac/Library/Caches/Coursier/v1/https/repo1.maven.org/maven2/com/github/alexarchambault/case-app-util_3/2.1.0-M30/case-app-util_3-2.1.0-M30.jar:/Users/mac/Library/Caches/Coursier/v1/https/repo1.maven.org/maven2/io/github/alexarchambault/scala-cli/tmp/zip-input-stream/0.1.1/zip-input-stream-0.1.1.jar:/Users/mac/Library/Caches/Coursier/v1/https/repo1.maven.org/maven2/org/scala-lang/scala-library/2.13.16/scala-library-2.13.16.jar:/Users/mac/Library/Caches/Coursier/v1/https/repo1.maven.org/maven2/io/get-coursier/coursier-cache_2.13/2.1.24/coursier-cache_2.13-2.1.24.jar:/Users/mac/Library/Caches/Coursier/v1/https/repo1.maven.org/maven2/io/get-coursier/coursier-core_2.13/2.1.24/coursier-core_2.13-2.1.24.jar:/Users/mac/Library/Caches/Coursier/v1/https/repo1.maven.org/maven2/com/google/guava/guava/33.4.8-jre/guava-33.4.8-jre.jar:/Users/mac/Library/Caches/Coursier/v1/https/repo1.maven.org/maven2/net/java/dev/jna/jna/5.13.0/jna-5.13.0.jar:/Users/mac/Library/Caches/Coursier/v1/https/repo1.maven.org/maven2/net/java/dev/jna/jna-platform/5.12.1/jna-platform-5.12.1.jar:/Users/mac/Library/Caches/Coursier/v1/https/repo1.maven.org/maven2/org/scalameta/metaconfig-core_3/0.16.0/metaconfig-core_3-0.16.0.jar:/Users/mac/Library/Caches/Coursier/v1/https/repo1.maven.org/maven2/com/typesafe/config/1.4.3/config-1.4.3.jar:/Users/mac/Library/Caches/Coursier/v1/https/repo1.maven.org/maven2/org/scala-lang/modules/scala-collection-compat_3/2.13.0/scala-collection-compat_3-2.13.0.jar:/Users/mac/Library/Caches/Coursier/v1/https/repo1.maven.org/maven2/commons-io/commons-io/2.19.0/commons-io-2.19.0.jar:/Users/mac/Library/Caches/Coursier/v1/https/repo1.maven.org/maven2/com/google/cloud/tools/jib-core/0.27.3/jib-core-0.27.3.jar:/Users/mac/Library/Caches/Coursier/v1/https/repo1.maven.org/maven2/org/bouncycastle/bcpg-jdk18on/1.81/bcpg-jdk18on-1.81.jar:/Users/mac/Library/Caches/Coursier/v1/https/repo1.maven.org/maven2/org/bouncycastle/bcutil-jdk18on/1.81/bcutil-jdk18on-1.81.jar:/Users/mac/Library/Caches/Coursier/v1/https/repo1.maven.org/maven2/org/virtuslab/scala-cli-signing/shared_3/0.2.11/shared_3-0.2.11.jar:/Users/mac/Library/Caches/Coursier/v1/https/repo1.maven.org/maven2/org/slf4j/slf4j-api/2.0.17/slf4j-api-2.0.17.jar:/Users/mac/Library/Caches/Coursier/v1/https/repo1.maven.org/maven2/com/softwaremill/sttp/model/core_3/1.7.11/core_3-1.7.11.jar:/Users/mac/Library/Caches/Coursier/v1/https/repo1.maven.org/maven2/com/softwaremill/sttp/shared/core_3/1.3.22/core_3-1.3.22.jar:/Users/mac/Library/Caches/Coursier/v1/https/repo1.maven.org/maven2/com/softwaremill/sttp/shared/ws_3/1.3.22/ws_3-1.3.22.jar:/Users/mac/Library/Caches/Coursier/v1/https/repo1.maven.org/maven2/io/get-coursier/interface/1.0.28/interface-1.0.28.jar:/Users/mac/Library/Caches/Coursier/v1/https/repo1.maven.org/maven2/org/ow2/asm/asm/9.8/asm-9.8.jar:/Users/mac/Library/Caches/Coursier/v1/https/repo1.maven.org/maven2/org/virtuslab/scala-cli/java-class-name/java-class-name_3/0.1.8/java-class-name_3-0.1.8.jar:/Users/mac/Library/Caches/Coursier/v1/https/repo1.maven.org/maven2/org/scalameta/semanticdb-shared_2.13/4.13.9/semanticdb-shared_2.13-4.13.9.jar:/Users/mac/Library/Caches/Coursier/v1/https/repo1.maven.org/maven2/org/scala-native/test-runner_3/0.5.8/test-runner_3-0.5.8.jar:/Users/mac/Library/Caches/Coursier/v1/https/repo1.maven.org/maven2/com/lihaoyi/os-lib_3/0.11.5/os-lib_3-0.11.5.jar:/Users/mac/Library/Caches/Coursier/v1/https/repo1.maven.org/maven2/com/lihaoyi/pprint_3/0.9.3/pprint_3-0.9.3.jar:/Users/mac/Library/Caches/Coursier/v1/https/repo1.maven.org/maven2/org/scala-js/scalajs-env-nodejs_2.13/1.4.0/scalajs-env-nodejs_2.13-1.4.0.jar:/Users/mac/Library/Caches/Coursier/v1/https/repo1.maven.org/maven2/org/scala-js/scalajs-sbt-test-adapter_2.13/1.19.0/scalajs-sbt-test-adapter_2.13-1.19.0.jar:/Users/mac/Library/Caches/Coursier/v1/https/repo1.maven.org/maven2/com/swoval/file-tree-views/2.1.12/file-tree-views-2.1.12.jar:/Users/mac/Library/Caches/Coursier/v1/https/repo1.maven.org/maven2/org/virtuslab/scala-cli/zip-input-stream/zip-input-stream/0.1.3/zip-input-stream-0.1.3.jar:/Users/mac/Library/Caches/Coursier/v1/https/repo1.maven.org/maven2/org/virtuslab/scala-cli/options_3/1.8.5/options_3-1.8.5.jar:/Users/mac/Library/Caches/Coursier/v1/https/repo1.maven.org/maven2/org/virtuslab/scala-cli/directives_3/1.8.5/directives_3-1.8.5.jar:/Users/mac/Library/Caches/Coursier/v1/https/repo1.maven.org/maven2/org/virtuslab/scala-cli/scala-cli-bsp/1.8.5/scala-cli-bsp-1.8.5.jar:/Users/mac/Library/Caches/Coursier/v1/https/repo1.maven.org/maven2/org/virtuslab/scala-cli/test-runner_3/1.8.5/test-runner_3-1.8.5.jar:/Users/mac/Library/Caches/Coursier/v1/https/repo1.maven.org/maven2/org/virtuslab/scala-cli/tasty-lib_3/1.8.5/tasty-lib_3-1.8.5.jar:/Users/mac/Library/Caches/Coursier/v1/https/repo1.maven.org/maven2/io/github/alexarchambault/is-terminal/0.1.1/is-terminal-0.1.1.jar:/Users/mac/Library/Caches/Coursier/v1/https/repo1.maven.org/maven2/org/codehaus/plexus/plexus-archiver/4.10.0/plexus-archiver-4.10.0.jar:/Users/mac/Library/Caches/Coursier/v1/https/repo1.maven.org/maven2/org/codehaus/plexus/plexus-container-default/2.1.1/plexus-container-default-2.1.1.jar:/Users/mac/Library/Caches/Coursier/v1/https/repo1.maven.org/maven2/io/github/alexarchambault/windows-ansi/windows-ansi/0.0.6/windows-ansi-0.0.6.jar:/Users/mac/Library/Caches/Coursier/v1/https/repo1.maven.org/maven2/io/get-coursier/cache-util/2.1.24/cache-util-2.1.24.jar:/Users/mac/Library/Caches/Coursier/v1/https/repo1.maven.org/maven2/io/get-coursier/coursier-util_2.13/2.1.24/coursier-util_2.13-2.1.24.jar:/Users/mac/Library/Caches/Coursier/v1/https/repo1.maven.org/maven2/io/github/alexarchambault/concurrent-reference-hash-map/1.1.0/concurrent-reference-hash-map-1.1.0.jar:/Users/mac/Library/Caches/Coursier/v1/https/repo1.maven.org/maven2/org/scala-lang/modules/scala-xml_2.13/2.3.0/scala-xml_2.13-2.3.0.jar:/Users/mac/Library/Caches/Coursier/v1/https/repo1.maven.org/maven2/com/google/guava/failureaccess/1.0.3/failureaccess-1.0.3.jar:/Users/mac/Library/Caches/Coursier/v1/https/repo1.maven.org/maven2/com/google/guava/listenablefuture/9999.0-empty-to-avoid-conflict-with-guava/listenablefuture-9999.0-empty-to-avoid-conflict-with-guava.jar:/Users/mac/Library/Caches/Coursier/v1/https/repo1.maven.org/maven2/org/jspecify/jspecify/1.0.0/jspecify-1.0.0.jar:/Users/mac/Library/Caches/Coursier/v1/https/repo1.maven.org/maven2/com/google/errorprone/error_prone_annotations/2.36.0/error_prone_annotations-2.36.0.jar:/Users/mac/Library/Caches/Coursier/v1/https/repo1.maven.org/maven2/com/google/j2objc/j2objc-annotations/3.0.0/j2objc-annotations-3.0.0.jar:/Users/mac/Library/Caches/Coursier/v1/https/repo1.maven.org/maven2/org/scalameta/metaconfig-pprint_3/0.16.0/metaconfig-pprint_3-0.16.0.jar:/Users/mac/Library/Caches/Coursier/v1/https/repo1.maven.org/maven2/org/typelevel/paiges-core_3/0.4.4/paiges-core_3-0.4.4.jar:/Users/mac/Library/Caches/Coursier/v1/https/repo1.maven.org/maven2/org/scala-lang/scala-reflect/2.13.16/scala-reflect-2.13.16.jar:/Users/mac/Library/Caches/Coursier/v1/https/repo1.maven.org/maven2/com/google/cloud/tools/jib-build-plan/0.4.0/jib-build-plan-0.4.0.jar:/Users/mac/Library/Caches/Coursier/v1/https/repo1.maven.org/maven2/com/google/http-client/google-http-client/1.42.2/google-http-client-1.42.2.jar:/Users/mac/Library/Caches/Coursier/v1/https/repo1.maven.org/maven2/com/google/http-client/google-http-client-apache-v2/1.42.2/google-http-client-apache-v2-1.42.2.jar:/Users/mac/Library/Caches/Coursier/v1/https/repo1.maven.org/maven2/com/google/auth/google-auth-library-oauth2-http/1.10.0/google-auth-library-oauth2-http-1.10.0.jar:/Users/mac/Library/Caches/Coursier/v1/https/repo1.maven.org/maven2/org/apache/commons/commons-compress/1.26.2/commons-compress-1.26.2.jar:/Users/mac/Library/Caches/Coursier/v1/https/repo1.maven.org/maven2/com/fasterxml/jackson/core/jackson-databind/2.15.2/jackson-databind-2.15.2.jar:/Users/mac/Library/Caches/Coursier/v1/https/repo1.maven.org/maven2/com/fasterxml/jackson/datatype/jackson-datatype-jsr310/2.15.2/jackson-datatype-jsr310-2.15.2.jar:/Users/mac/Library/Caches/Coursier/v1/https/repo1.maven.org/maven2/org/bouncycastle/bcprov-jdk18on/1.81/bcprov-jdk18on-1.81.jar:/Users/mac/Library/Caches/Coursier/v1/https/repo1.maven.org/maven2/org/jline/jline-terminal-jni/3.25.0/jline-terminal-jni-3.25.0.jar:/Users/mac/Library/Caches/Coursier/v1/https/repo1.maven.org/maven2/org/jline/jline-native/3.25.0/jline-native-3.25.0.jar:/Users/mac/Library/Caches/Coursier/v1/https/repo1.maven.org/maven2/org/scala-lang/scala3-compiler_3/3.3.6/scala3-compiler_3-3.3.6.jar:/Users/mac/Library/Caches/Coursier/v1/https/repo1.maven.org/maven2/org/scalameta/scalameta_2.13/4.13.9/scalameta_2.13-4.13.9.jar:/Users/mac/Library/Caches/Coursier/v1/https/repo1.maven.org/maven2/org/scala-lang/scalap/2.13.13/scalap-2.13.13.jar:/Users/mac/Library/Caches/Coursier/v1/https/repo1.maven.org/maven2/com/thesamet/scalapb/scalapb-runtime_2.13/0.11.15/scalapb-runtime_2.13-0.11.15.jar:/Users/mac/Library/Caches/Coursier/v1/https/repo1.maven.org/maven2/org/scala-native/tools_3/0.5.8/tools_3-0.5.8.jar:/Users/mac/Library/Caches/Coursier/v1/https/repo1.maven.org/maven2/org/scala-sbt/test-interface/1.0/test-interface-1.0.jar:/Users/mac/Library/Caches/Coursier/v1/https/repo1.maven.org/maven2/com/github/sbt/junit-interface/0.13.3/junit-interface-0.13.3.jar:/Users/mac/Library/Caches/Coursier/v1/https/repo1.maven.org/maven2/junit/junit/4.13.2/junit-4.13.2.jar:/Users/mac/Library/Caches/Coursier/v1/https/repo1.maven.org/maven2/com/lihaoyi/geny_3/1.1.1/geny_3-1.1.1.jar:/Users/mac/Library/Caches/Coursier/v1/https/repo1.maven.org/maven2/com/lihaoyi/os-zip/0.11.5/os-zip-0.11.5.jar:/Users/mac/Library/Caches/Coursier/v1/https/repo1.maven.org/maven2/com/lihaoyi/fansi_3/0.5.1/fansi_3-0.5.1.jar:/Users/mac/Library/Caches/Coursier/v1/https/repo1.maven.org/maven2/org/scala-js/scalajs-js-envs_2.13/1.4.0/scalajs-js-envs_2.13-1.4.0.jar:/Users/mac/Library/Caches/Coursier/v1/https/repo1.maven.org/maven2/ch/epfl/scala/bloop-config_2.13/2.3.2/bloop-config_2.13-2.3.2.jar:/Users/mac/Library/Caches/Coursier/v1/https/repo1.maven.org/maven2/org/virtuslab/scala-cli/core_3/1.8.5/core_3-1.8.5.jar:/Users/mac/Library/Caches/Coursier/v1/https/repo1.maven.org/maven2/org/virtuslab/using_directives/1.1.4/using_directives-1.1.4.jar:/Users/mac/Library/Caches/Coursier/v1/https/repo1.maven.org/maven2/org/virtuslab/scala-cli/build-macros_3/1.8.5/build-macros_3-1.8.5.jar:/Users/mac/Library/Caches/Coursier/v1/https/repo1.maven.org/maven2/ch/epfl/scala/bsp4j/2.1.1/bsp4j-2.1.1.jar:/Users/mac/Library/Caches/Coursier/v1/https/repo1.maven.org/maven2/javax/inject/javax.inject/1/javax.inject-1.jar:/Users/mac/Library/Caches/Coursier/v1/https/repo1.maven.org/maven2/org/codehaus/plexus/plexus-utils/4.0.1/plexus-utils-4.0.1.jar:/Users/mac/Library/Caches/Coursier/v1/https/repo1.maven.org/maven2/org/codehaus/plexus/plexus-io/3.5.0/plexus-io-3.5.0.jar:/Users/mac/Library/Caches/Coursier/v1/https/repo1.maven.org/maven2/io/airlift/aircompressor/0.27/aircompressor-0.27.jar:/Users/mac/Library/Caches/Coursier/v1/https/repo1.maven.org/maven2/org/tukaani/xz/1.9/xz-1.9.jar:/Users/mac/Library/Caches/Coursier/v1/https/repo1.maven.org/maven2/com/github/luben/zstd-jni/1.5.6-3/zstd-jni-1.5.6-3.jar:/Users/mac/Library/Caches/Coursier/v1/https/repo1.maven.org/maven2/org/codehaus/plexus/plexus-classworlds/2.6.0/plexus-classworlds-2.6.0.jar:/Users/mac/Library/Caches/Coursier/v1/https/repo1.maven.org/maven2/org/apache/xbean/xbean-reflect/3.7/xbean-reflect-3.7.jar:/Users/mac/Library/Caches/Coursier/v1/https/repo1.maven.org/maven2/org/fusesource/jansi/jansi/2.4.1/jansi-2.4.1.jar:/Users/mac/Library/Caches/Coursier/v1/https/repo1.maven.org/maven2/org/apache/httpcomponents/httpclient/4.5.13/httpclient-4.5.13.jar:/Users/mac/Library/Caches/Coursier/v1/https/repo1.maven.org/maven2/org/apache/httpcomponents/httpcore/4.4.15/httpcore-4.4.15.jar:/Users/mac/Library/Caches/Coursier/v1/https/repo1.maven.org/maven2/com/google/code/findbugs/jsr305/3.0.2/jsr305-3.0.2.jar:/Users/mac/Library/Caches/Coursier/v1/https/repo1.maven.org/maven2/io/opencensus/opencensus-api/0.31.1/opencensus-api-0.31.1.jar:/Users/mac/Library/Caches/Coursier/v1/https/repo1.maven.org/maven2/io/opencensus/opencensus-contrib-http-util/0.31.1/opencensus-contrib-http-util-0.31.1.jar:/Users/mac/Library/Caches/Coursier/v1/https/repo1.maven.org/maven2/com/google/auto/value/auto-value-annotations/1.9/auto-value-annotations-1.9.jar:/Users/mac/Library/Caches/Coursier/v1/https/repo1.maven.org/maven2/com/google/auth/google-auth-library-credentials/1.10.0/google-auth-library-credentials-1.10.0.jar:/Users/mac/Library/Caches/Coursier/v1/https/repo1.maven.org/maven2/com/google/http-client/google-http-client-gson/1.42.2/google-http-client-gson-1.42.2.jar:/Users/mac/Library/Caches/Coursier/v1/https/repo1.maven.org/maven2/commons-codec/commons-codec/1.17.0/commons-codec-1.17.0.jar:/Users/mac/Library/Caches/Coursier/v1/https/repo1.maven.org/maven2/org/apache/commons/commons-lang3/3.14.0/commons-lang3-3.14.0.jar:/Users/mac/Library/Caches/Coursier/v1/https/repo1.maven.org/maven2/com/fasterxml/jackson/core/jackson-annotations/2.15.2/jackson-annotations-2.15.2.jar:/Users/mac/Library/Caches/Coursier/v1/https/repo1.maven.org/maven2/com/fasterxml/jackson/core/jackson-core/2.15.2/jackson-core-2.15.2.jar:/Users/mac/Library/Caches/Coursier/v1/https/repo1.maven.org/maven2/org/scala-lang/scala3-interfaces/3.3.6/scala3-interfaces-3.3.6.jar:/Users/mac/Library/Caches/Coursier/v1/https/repo1.maven.org/maven2/org/scala-lang/tasty-core_3/3.3.6/tasty-core_3-3.3.6.jar:/Users/mac/Library/Caches/Coursier/v1/https/repo1.maven.org/maven2/org/scala-lang/modules/scala-asm/9.8.0-scala-1/scala-asm-9.8.0-scala-1.jar:/Users/mac/Library/Caches/Coursier/v1/https/repo1.maven.org/maven2/org/scala-sbt/compiler-interface/1.10.4/compiler-interface-1.10.4.jar:/Users/mac/Library/Caches/Coursier/v1/https/repo1.maven.org/maven2/org/scalameta/parsers_2.13/4.13.9/parsers_2.13-4.13.9.jar:/Users/mac/Library/Caches/Coursier/v1/https/repo1.maven.org/maven2/org/scala-lang/scala-compiler/2.13.13/scala-compiler-2.13.13.jar:/Users/mac/Library/Caches/Coursier/v1/https/repo1.maven.org/maven2/com/thesamet/scalapb/lenses_2.13/0.11.15/lenses_2.13-0.11.15.jar:/Users/mac/Library/Caches/Coursier/v1/https/repo1.maven.org/maven2/com/google/protobuf/protobuf-java/3.19.6/protobuf-java-3.19.6.jar:/Users/mac/Library/Caches/Coursier/v1/https/repo1.maven.org/maven2/org/scala-native/nir_3/0.5.8/nir_3-0.5.8.jar:/Users/mac/Library/Caches/Coursier/v1/https/repo1.maven.org/maven2/org/scala-native/util_3/0.5.8/util_3-0.5.8.jar:/Users/mac/Library/Caches/Coursier/v1/https/repo1.maven.org/maven2/org/hamcrest/hamcrest-core/1.3/hamcrest-core-1.3.jar:/Users/mac/Library/Caches/Coursier/v1/https/repo1.maven.org/maven2/org/scala-js/scalajs-logging_2.13/1.1.1/scalajs-logging_2.13-1.1.1.jar:/Users/mac/Library/Caches/Coursier/v1/https/repo1.maven.org/maven2/com/lihaoyi/unroll-annotation_2.13/0.1.12/unroll-annotation_2.13-0.1.12.jar:/Users/mac/Library/Caches/Coursier/v1/https/repo1.maven.org/maven2/ch/epfl/scala/bloop-rifle_2.13/2.0.13/bloop-rifle_2.13-2.0.13.jar:/Users/mac/Library/Caches/Coursier/v1/https/repo1.maven.org/maven2/io/get-coursier/coursier-jvm_2.13/2.1.24/coursier-jvm_2.13-2.1.24.jar:/Users/mac/Library/Caches/Coursier/v1/https/repo1.maven.org/maven2/io/get-coursier/dependency_3/0.3.2/dependency_3-0.3.2.jar:/Users/mac/Library/Caches/Coursier/v1/https/repo1.maven.org/maven2/org/eclipse/jgit/org.eclipse.jgit/6.8.0.202311291450-r/org.eclipse.jgit-6.8.0.202311291450-r.jar:/Users/mac/Library/Caches/Coursier/v1/https/repo1.maven.org/maven2/org/scala-js/scalajs-env-jsdom-nodejs_2.13/1.1.0/scalajs-env-jsdom-nodejs_2.13-1.1.0.jar:/Users/mac/Library/Caches/Coursier/v1/https/repo1.maven.org/maven2/org/eclipse/lsp4j/org.eclipse.lsp4j.generator/0.20.1/org.eclipse.lsp4j.generator-0.20.1.jar:/Users/mac/Library/Caches/Coursier/v1/https/repo1.maven.org/maven2/org/eclipse/lsp4j/org.eclipse.lsp4j.jsonrpc/0.20.1/org.eclipse.lsp4j.jsonrpc-0.20.1.jar:/Users/mac/Library/Caches/Coursier/v1/https/repo1.maven.org/maven2/commons-logging/commons-logging/1.2/commons-logging-1.2.jar:/Users/mac/Library/Caches/Coursier/v1/https/repo1.maven.org/maven2/io/grpc/grpc-context/1.27.2/grpc-context-1.27.2.jar:/Users/mac/Library/Caches/Coursier/v1/https/repo1.maven.org/maven2/com/google/code/gson/gson/2.10.1/gson-2.10.1.jar:/Users/mac/Library/Caches/Coursier/v1/https/repo1.maven.org/maven2/org/scala-sbt/util-interface/1.10.4/util-interface-1.10.4.jar:/Users/mac/Library/Caches/Coursier/v1/https/repo1.maven.org/maven2/org/scalameta/trees_2.13/4.13.9/trees_2.13-4.13.9.jar:/Users/mac/Library/Caches/Coursier/v1/https/repo1.maven.org/maven2/io/github/java-diff-utils/java-diff-utils/4.12/java-diff-utils-4.12.jar:/Users/mac/Library/Caches/Coursier/v1/https/repo1.maven.org/maven2/ch/epfl/scala/libdaemon_2.13/0.0.12/libdaemon_2.13-0.0.12.jar:/Users/mac/Library/Caches/Coursier/v1/https/repo1.maven.org/maven2/io/github/alexarchambault/scala-cli/snailgun/snailgun-core_2.13/0.4.1-sc2/snailgun-core_2.13-0.4.1-sc2.jar:/Users/mac/Library/Caches/Coursier/v1/https/repo1.maven.org/maven2/io/get-coursier/coursier_2.13/2.1.24/coursier_2.13-2.1.24.jar:/Users/mac/Library/Caches/Coursier/v1/https/repo1.maven.org/maven2/io/get-coursier/coursier-env_2.13/2.1.24/coursier-env_2.13-2.1.24.jar:/Users/mac/Library/Caches/Coursier/v1/https/repo1.maven.org/maven2/com/googlecode/javaewah/JavaEWAH/1.2.3/JavaEWAH-1.2.3.jar:/Users/mac/Library/Caches/Coursier/v1/https/repo1.maven.org/maven2/org/eclipse/xtend/org.eclipse.xtend.lib/2.28.0/org.eclipse.xtend.lib-2.28.0.jar:/Users/mac/Library/Caches/Coursier/v1/https/repo1.maven.org/maven2/org/scalameta/common_2.13/4.13.9/common_2.13-4.13.9.jar:/Users/mac/Library/Caches/Coursier/v1/https/repo1.maven.org/maven2/org/scalameta/io_2.13/4.13.9/io_2.13-4.13.9.jar:/Users/mac/Library/Caches/Coursier/v1/https/repo1.maven.org/maven2/org/eclipse/xtext/org.eclipse.xtext.xbase.lib/2.28.0/org.eclipse.xtext.xbase.lib-2.28.0.jar:/Users/mac/Library/Caches/Coursier/v1/https/repo1.maven.org/maven2/org/eclipse/xtend/org.eclipse.xtend.lib.macro/2.28.0/org.eclipse.xtend.lib.macro-2.28.0.jar, scala.cli.ScalaCli, bsp, /Users/mac/Desktop/GitHub/Scala_Beakjoon)
2025.09.10 22:53:35 INFO  tracing is disabled for protocol BSP, to enable tracing of incoming and outgoing JSON messages create an empty file at /Users/mac/Desktop/GitHub/Scala_Beakjoon/.metals/bsp.trace.json or /Users/mac/Library/Caches/org.scalameta.metals/bsp.trace.json
2025.09.10 22:53:35 INFO  Scala CLI: WARNING: A terminally deprecated method in sun.misc.Unsafe has been called
2025.09.10 22:53:35 INFO  Scala CLI: WARNING: sun.misc.Unsafe::objectFieldOffset has been called by scala.runtime.LazyVals$ (file:/Users/mac/Library/Caches/Coursier/v1/https/repo1.maven.org/maven2/org/scala-lang/scala3-library_3/3.3.6/scala3-library_3-3.3.6.jar)
2025.09.10 22:53:35 INFO  Scala CLI: WARNING: Please consider reporting this to the maintainers of class scala.runtime.LazyVals$
2025.09.10 22:53:35 INFO  Scala CLI: WARNING: sun.misc.Unsafe::objectFieldOffset will be removed in a future release
2025.09.10 22:53:41 INFO  Scala CLI: WARNING: A restricted method in java.lang.System has been called
2025.09.10 22:53:41 INFO  Scala CLI: WARNING: java.lang.System::loadLibrary has been called by com.swoval.runtime.NativeLoader in an unnamed module (file:/Users/mac/Library/Caches/Coursier/v1/https/repo1.maven.org/maven2/com/swoval/file-tree-views/2.1.12/file-tree-views-2.1.12.jar)
2025.09.10 22:53:41 INFO  Scala CLI: WARNING: Use --enable-native-access=ALL-UNNAMED to avoid a warning for callers in this module
2025.09.10 22:53:41 INFO  Scala CLI: WARNING: Restricted methods will be blocked in a future release unless native access is enabled
2025.09.10 22:53:41 INFO  Scala CLI: 
2025.09.10 22:53:45 INFO  compiling scala_beakjoon_d5c0a6989e (1 scala source)
2025.09.10 22:53:46 INFO  time: compiled Scala_Beakjoon_d5c0a6989e in 1.13s
2025.09.10 22:57:27 INFO  Detected new build tool in /Users/mac/Desktop/GitHub/Scala_Beakjoon
2025.09.10 22:57:28 INFO  Cancelling compilation on scala-cli server
2025.09.10 22:57:28 INFO  Shut down connection with build server.
2025.09.10 22:57:28 INFO  Scala main classes not supported by server
2025.09.10 22:57:28 INFO  Scala test classes not supported by server
2025.09.10 22:57:28 INFO  Attempting to connect to the build server...
2025.09.10 22:57:28 INFO  Running BSP server List(/Users/mac/Library/Caches/Coursier/arc/https/github.com/scala/scala3/releases/download/3.7.2/scala3-3.7.2-x86_64-apple-darwin.tar.gz/scala3-3.7.2-x86_64-apple-darwin/libexec/scala-cli, --cli-default-scala-version, 3.7.2, --repository, file:///Users/mac/Library/Caches/Coursier/arc/https/github.com/scala/scala3/releases/download/3.7.2/scala3-3.7.2-x86_64-apple-darwin.tar.gz/scala3-3.7.2-x86_64-apple-darwin/maven2, --prog-name, scala, --skip-cli-updates, bsp, --json-options, /Users/mac/Desktop/GitHub/Scala_Beakjoon/.scala-build/ide-options-v2.json, --json-launcher-options, /Users/mac/Desktop/GitHub/Scala_Beakjoon/.scala-build/ide-launcher-options.json, --envs-file, /Users/mac/Desktop/GitHub/Scala_Beakjoon/.scala-build/ide-envs.json, /Users/mac/Desktop/GitHub/Scala_Beakjoon/16394.scala)
2025.09.10 22:57:28 INFO  tracing is disabled for protocol BSP, to enable tracing of incoming and outgoing JSON messages create an empty file at /Users/mac/Desktop/GitHub/Scala_Beakjoon/.metals/bsp.trace.json or /Users/mac/Library/Caches/org.scalameta.metals/bsp.trace.json
2025.09.10 22:57:30 INFO  time: Connected to build server in 2.37s
2025.09.10 22:57:30 INFO  Connected to Build server: scala v1.8.4
2025.09.10 22:57:31 INFO  compiling scala_beakjoon_9a731beb95-60101c634b (1 scala source)
2025.09.10 22:57:37 INFO  time: compiled Scala_Beakjoon_9a731beb95-60101c634b in 6.05s
2025.09.10 22:57:37 INFO  compiling scala_beakjoon_9a731beb95-60101c634b (1 scala source)
2025.09.10 22:57:39 INFO  time: compiled Scala_Beakjoon_9a731beb95-60101c634b in 2.02s
2025.09.10 22:57:40 INFO  time: indexed workspace in 9.98s
